INFO 2025-04-09 08:30:55,019 apps Order service initialized successfully
INFO 2025-04-09 08:38:28,057 apps Order service initialized successfully
INFO 2025-04-09 08:38:40,617 apps Order service initialized successfully
INFO 2025-04-09 08:39:11,526 apps Order service initialized successfully
INFO 2025-04-09 08:51:33,025 apps Order service initialized successfully
INFO 2025-04-10 08:17:22,159 apps Order service initialized successfully
INFO 2025-04-10 08:19:28,970 apps Order service initialized successfully
INFO 2025-04-10 08:48:05,537 apps Order service initialized successfully
INFO 2025-04-10 08:48:06,043 apps Order service initialized successfully
INFO 2025-04-10 08:48:06,060 autoreload Watching for file changes with StatReloader
WARNING 2025-04-10 08:48:14,799 log Not Found: /
WARNING 2025-04-10 08:49:29,363 log Unauthorized: /api/
WARNING 2025-04-10 08:49:29,830 log Not Found: /favicon.ico
WARNING 2025-04-10 08:50:25,521 log Unauthorized: /api/products/
INFO 2025-04-10 08:57:17,267 autoreload /home/abraham/HNG/Menucard-App-Team-D-Backend/django-service/ordering/orders/views.py changed, reloading.
INFO 2025-04-10 08:57:20,116 apps Order service initialized successfully
INFO 2025-04-10 08:57:20,165 autoreload Watching for file changes with StatReloader
INFO 2025-04-10 08:57:42,252 autoreload /home/abraham/HNG/Menucard-App-Team-D-Backend/django-service/ordering/orders/views.py changed, reloading.
INFO 2025-04-10 08:57:44,240 apps Order service initialized successfully
INFO 2025-04-10 08:57:44,270 autoreload Watching for file changes with StatReloader
INFO 2025-04-10 08:58:25,757 autoreload /home/abraham/HNG/Menucard-App-Team-D-Backend/django-service/ordering/orders/views.py changed, reloading.
INFO 2025-04-10 08:58:28,101 apps Order service initialized successfully
INFO 2025-04-10 08:58:28,139 autoreload Watching for file changes with StatReloader
INFO 2025-04-10 08:59:46,204 autoreload /home/abraham/HNG/Menucard-App-Team-D-Backend/django-service/ordering/orders/views.py changed, reloading.
INFO 2025-04-10 08:59:48,897 apps Order service initialized successfully
INFO 2025-04-10 08:59:48,982 autoreload Watching for file changes with StatReloader
INFO 2025-04-10 08:59:57,535 autoreload /home/abraham/HNG/Menucard-App-Team-D-Backend/django-service/ordering/orders/views.py changed, reloading.
INFO 2025-04-10 08:59:59,403 apps Order service initialized successfully
INFO 2025-04-10 08:59:59,431 autoreload Watching for file changes with StatReloader
INFO 2025-04-10 09:00:33,293 autoreload /home/abraham/HNG/Menucard-App-Team-D-Backend/django-service/ordering/orders/views.py changed, reloading.
INFO 2025-04-10 09:00:34,797 apps Order service initialized successfully
INFO 2025-04-10 09:00:34,828 autoreload Watching for file changes with StatReloader
INFO 2025-04-10 09:00:50,766 autoreload /home/abraham/HNG/Menucard-App-Team-D-Backend/django-service/ordering/orders/views.py changed, reloading.
INFO 2025-04-10 09:00:54,722 apps Order service initialized successfully
INFO 2025-04-10 09:00:54,819 autoreload Watching for file changes with StatReloader
INFO 2025-04-10 09:00:58,301 autoreload /home/abraham/HNG/Menucard-App-Team-D-Backend/django-service/ordering/orders/views.py changed, reloading.
INFO 2025-04-10 09:01:00,107 apps Order service initialized successfully
INFO 2025-04-10 09:01:00,136 autoreload Watching for file changes with StatReloader
INFO 2025-04-10 09:01:02,222 autoreload /home/abraham/HNG/Menucard-App-Team-D-Backend/django-service/ordering/orders/views.py changed, reloading.
INFO 2025-04-10 09:01:03,954 apps Order service initialized successfully
INFO 2025-04-10 09:01:03,984 autoreload Watching for file changes with StatReloader
INFO 2025-04-10 09:06:50,463 autoreload /home/abraham/HNG/Menucard-App-Team-D-Backend/django-service/ordering/orders/views.py changed, reloading.
INFO 2025-04-10 09:06:52,603 apps Order service initialized successfully
INFO 2025-04-10 09:06:52,642 autoreload Watching for file changes with StatReloader
INFO 2025-04-10 09:12:38,583 autoreload /home/abraham/HNG/Menucard-App-Team-D-Backend/django-service/ordering/orders/views.py changed, reloading.
INFO 2025-04-10 09:12:40,835 apps Order service initialized successfully
INFO 2025-04-10 09:12:40,875 autoreload Watching for file changes with StatReloader
INFO 2025-04-10 09:14:31,087 autoreload /home/abraham/HNG/Menucard-App-Team-D-Backend/django-service/ordering/orders/views.py changed, reloading.
INFO 2025-04-10 09:14:34,354 apps Order service initialized successfully
INFO 2025-04-10 09:14:34,473 autoreload Watching for file changes with StatReloader
INFO 2025-04-10 09:14:58,290 autoreload /home/abraham/HNG/Menucard-App-Team-D-Backend/django-service/ordering/orders/views.py changed, reloading.
INFO 2025-04-10 09:15:00,926 apps Order service initialized successfully
INFO 2025-04-10 09:15:00,973 autoreload Watching for file changes with StatReloader
ERROR 2025-04-10 09:17:47,713 log Internal Server Error: /api/products/featured/
Traceback (most recent call last):
  File "/home/abraham/HNG/Menucard-App-Team-D-Backend/django-service/.venv/lib/python3.13/site-packages/django/core/handlers/exception.py", line 55, in inner
    response = get_response(request)
  File "/home/abraham/HNG/Menucard-App-Team-D-Backend/django-service/.venv/lib/python3.13/site-packages/django/core/handlers/base.py", line 197, in _get_response
    response = wrapped_callback(request, *callback_args, **callback_kwargs)
  File "/home/abraham/HNG/Menucard-App-Team-D-Backend/django-service/.venv/lib/python3.13/site-packages/django/views/decorators/csrf.py", line 65, in _view_wrapper
    return view_func(request, *args, **kwargs)
  File "/home/abraham/HNG/Menucard-App-Team-D-Backend/django-service/.venv/lib/python3.13/site-packages/rest_framework/viewsets.py", line 125, in view
    return self.dispatch(request, *args, **kwargs)
           ~~~~~~~~~~~~~^^^^^^^^^^^^^^^^^^^^^^^^^^
  File "/home/abraham/HNG/Menucard-App-Team-D-Backend/django-service/.venv/lib/python3.13/site-packages/rest_framework/views.py", line 515, in dispatch
    response = self.handle_exception(exc)
  File "/home/abraham/HNG/Menucard-App-Team-D-Backend/django-service/.venv/lib/python3.13/site-packages/rest_framework/views.py", line 475, in handle_exception
    self.raise_uncaught_exception(exc)
    ~~~~~~~~~~~~~~~~~~~~~~~~~~~~~^^^^^
  File "/home/abraham/HNG/Menucard-App-Team-D-Backend/django-service/.venv/lib/python3.13/site-packages/rest_framework/views.py", line 486, in raise_uncaught_exception
    raise exc
  File "/home/abraham/HNG/Menucard-App-Team-D-Backend/django-service/.venv/lib/python3.13/site-packages/rest_framework/views.py", line 512, in dispatch
    response = handler(request, *args, **kwargs)
  File "/home/abraham/HNG/Menucard-App-Team-D-Backend/django-service/ordering/orders/views.py", line 232, in featured
    featured = self.get_queryset().filter(is_featured=True)[:8]
               ~~~~~~~~~~~~~~~~~~~~~~~~~~^^^^^^^^^^^^^^^^^^
  File "/home/abraham/HNG/Menucard-App-Team-D-Backend/django-service/.venv/lib/python3.13/site-packages/django/db/models/query.py", line 1481, in filter
    return self._filter_or_exclude(False, args, kwargs)
           ~~~~~~~~~~~~~~~~~~~~~~~^^^^^^^^^^^^^^^^^^^^^
  File "/home/abraham/HNG/Menucard-App-Team-D-Backend/django-service/.venv/lib/python3.13/site-packages/django/db/models/query.py", line 1499, in _filter_or_exclude
    clone._filter_or_exclude_inplace(negate, args, kwargs)
    ~~~~~~~~~~~~~~~~~~~~~~~~~~~~~~~~^^^^^^^^^^^^^^^^^^^^^^
  File "/home/abraham/HNG/Menucard-App-Team-D-Backend/django-service/.venv/lib/python3.13/site-packages/django/db/models/query.py", line 1506, in _filter_or_exclude_inplace
    self._query.add_q(Q(*args, **kwargs))
    ~~~~~~~~~~~~~~~~~^^^^^^^^^^^^^^^^^^^^
  File "/home/abraham/HNG/Menucard-App-Team-D-Backend/django-service/.venv/lib/python3.13/site-packages/django/db/models/sql/query.py", line 1643, in add_q
    clause, _ = self._add_q(q_object, can_reuse)
                ~~~~~~~~~~~^^^^^^^^^^^^^^^^^^^^^
  File "/home/abraham/HNG/Menucard-App-Team-D-Backend/django-service/.venv/lib/python3.13/site-packages/django/db/models/sql/query.py", line 1675, in _add_q
    child_clause, needed_inner = self.build_filter(
                                 ~~~~~~~~~~~~~~~~~^
        child,
        ^^^^^^
    ...<7 lines>...
        update_join_types=update_join_types,
        ^^^^^^^^^^^^^^^^^^^^^^^^^^^^^^^^^^^^
    )
    ^
  File "/home/abraham/HNG/Menucard-App-Team-D-Backend/django-service/.venv/lib/python3.13/site-packages/django/db/models/sql/query.py", line 1523, in build_filter
    lookups, parts, reffed_expression = self.solve_lookup_type(arg, summarize)
                                        ~~~~~~~~~~~~~~~~~~~~~~^^^^^^^^^^^^^^^^
  File "/home/abraham/HNG/Menucard-App-Team-D-Backend/django-service/.venv/lib/python3.13/site-packages/django/db/models/sql/query.py", line 1330, in solve_lookup_type
    _, field, _, lookup_parts = self.names_to_path(lookup_splitted, self.get_meta())
                                ~~~~~~~~~~~~~~~~~~^^^^^^^^^^^^^^^^^^^^^^^^^^^^^^^^^^
  File "/home/abraham/HNG/Menucard-App-Team-D-Backend/django-service/.venv/lib/python3.13/site-packages/django/db/models/sql/query.py", line 1802, in names_to_path
    raise FieldError(
    ...<2 lines>...
    )
django.core.exceptions.FieldError: Cannot resolve keyword 'is_featured' into field. Choices are: category, category_id, description, external_id, id, image_url, is_available, last_synced, name, orderitem, price
ERROR 2025-04-10 09:18:30,046 log Internal Server Error: /api/products/featured/
Traceback (most recent call last):
  File "/home/abraham/HNG/Menucard-App-Team-D-Backend/django-service/.venv/lib/python3.13/site-packages/django/core/handlers/exception.py", line 55, in inner
    response = get_response(request)
  File "/home/abraham/HNG/Menucard-App-Team-D-Backend/django-service/.venv/lib/python3.13/site-packages/django/core/handlers/base.py", line 197, in _get_response
    response = wrapped_callback(request, *callback_args, **callback_kwargs)
  File "/home/abraham/HNG/Menucard-App-Team-D-Backend/django-service/.venv/lib/python3.13/site-packages/django/views/decorators/csrf.py", line 65, in _view_wrapper
    return view_func(request, *args, **kwargs)
  File "/home/abraham/HNG/Menucard-App-Team-D-Backend/django-service/.venv/lib/python3.13/site-packages/rest_framework/viewsets.py", line 125, in view
    return self.dispatch(request, *args, **kwargs)
           ~~~~~~~~~~~~~^^^^^^^^^^^^^^^^^^^^^^^^^^
  File "/home/abraham/HNG/Menucard-App-Team-D-Backend/django-service/.venv/lib/python3.13/site-packages/rest_framework/views.py", line 515, in dispatch
    response = self.handle_exception(exc)
  File "/home/abraham/HNG/Menucard-App-Team-D-Backend/django-service/.venv/lib/python3.13/site-packages/rest_framework/views.py", line 475, in handle_exception
    self.raise_uncaught_exception(exc)
    ~~~~~~~~~~~~~~~~~~~~~~~~~~~~~^^^^^
  File "/home/abraham/HNG/Menucard-App-Team-D-Backend/django-service/.venv/lib/python3.13/site-packages/rest_framework/views.py", line 486, in raise_uncaught_exception
    raise exc
  File "/home/abraham/HNG/Menucard-App-Team-D-Backend/django-service/.venv/lib/python3.13/site-packages/rest_framework/views.py", line 512, in dispatch
    response = handler(request, *args, **kwargs)
  File "/home/abraham/HNG/Menucard-App-Team-D-Backend/django-service/ordering/orders/views.py", line 232, in featured
    featured = self.get_queryset().filter(is_featured=True)[:8]
               ~~~~~~~~~~~~~~~~~~~~~~~~~~^^^^^^^^^^^^^^^^^^
  File "/home/abraham/HNG/Menucard-App-Team-D-Backend/django-service/.venv/lib/python3.13/site-packages/django/db/models/query.py", line 1481, in filter
    return self._filter_or_exclude(False, args, kwargs)
           ~~~~~~~~~~~~~~~~~~~~~~~^^^^^^^^^^^^^^^^^^^^^
  File "/home/abraham/HNG/Menucard-App-Team-D-Backend/django-service/.venv/lib/python3.13/site-packages/django/db/models/query.py", line 1499, in _filter_or_exclude
    clone._filter_or_exclude_inplace(negate, args, kwargs)
    ~~~~~~~~~~~~~~~~~~~~~~~~~~~~~~~~^^^^^^^^^^^^^^^^^^^^^^
  File "/home/abraham/HNG/Menucard-App-Team-D-Backend/django-service/.venv/lib/python3.13/site-packages/django/db/models/query.py", line 1506, in _filter_or_exclude_inplace
    self._query.add_q(Q(*args, **kwargs))
    ~~~~~~~~~~~~~~~~~^^^^^^^^^^^^^^^^^^^^
  File "/home/abraham/HNG/Menucard-App-Team-D-Backend/django-service/.venv/lib/python3.13/site-packages/django/db/models/sql/query.py", line 1643, in add_q
    clause, _ = self._add_q(q_object, can_reuse)
                ~~~~~~~~~~~^^^^^^^^^^^^^^^^^^^^^
  File "/home/abraham/HNG/Menucard-App-Team-D-Backend/django-service/.venv/lib/python3.13/site-packages/django/db/models/sql/query.py", line 1675, in _add_q
    child_clause, needed_inner = self.build_filter(
                                 ~~~~~~~~~~~~~~~~~^
        child,
        ^^^^^^
    ...<7 lines>...
        update_join_types=update_join_types,
        ^^^^^^^^^^^^^^^^^^^^^^^^^^^^^^^^^^^^
    )
    ^
  File "/home/abraham/HNG/Menucard-App-Team-D-Backend/django-service/.venv/lib/python3.13/site-packages/django/db/models/sql/query.py", line 1523, in build_filter
    lookups, parts, reffed_expression = self.solve_lookup_type(arg, summarize)
                                        ~~~~~~~~~~~~~~~~~~~~~~^^^^^^^^^^^^^^^^
  File "/home/abraham/HNG/Menucard-App-Team-D-Backend/django-service/.venv/lib/python3.13/site-packages/django/db/models/sql/query.py", line 1330, in solve_lookup_type
    _, field, _, lookup_parts = self.names_to_path(lookup_splitted, self.get_meta())
                                ~~~~~~~~~~~~~~~~~~^^^^^^^^^^^^^^^^^^^^^^^^^^^^^^^^^^
  File "/home/abraham/HNG/Menucard-App-Team-D-Backend/django-service/.venv/lib/python3.13/site-packages/django/db/models/sql/query.py", line 1802, in names_to_path
    raise FieldError(
    ...<2 lines>...
    )
django.core.exceptions.FieldError: Cannot resolve keyword 'is_featured' into field. Choices are: category, category_id, description, external_id, id, image_url, is_available, last_synced, name, orderitem, price
INFO 2025-04-10 09:29:50,492 autoreload /home/abraham/HNG/Menucard-App-Team-D-Backend/django-service/ordering/orders/models.py changed, reloading.
INFO 2025-04-10 09:29:53,443 apps Order service initialized successfully
INFO 2025-04-10 09:29:53,537 autoreload Watching for file changes with StatReloader
INFO 2025-04-10 09:30:34,834 apps Order service initialized successfully
INFO 2025-04-10 09:30:35,625 apps Order service initialized successfully
INFO 2025-04-10 09:30:35,646 autoreload Watching for file changes with StatReloader
WARNING 2025-04-10 09:31:47,758 log Not Found: /api/products/orders/
WARNING 2025-04-10 09:32:27,307 log Not Found: /api/products/orders-items/1/
WARNING 2025-04-10 09:32:38,562 log Not Found: /api/products/orders-items/
WARNING 2025-04-10 10:43:08,686 log Not Found: /api/products/orders/
WARNING 2025-04-10 10:43:15,598 log Not Found: /api/products/orders-items/
WARNING 2025-04-10 10:43:21,992 log Not Found: /api/products/orders-items/1/
WARNING 2025-04-10 10:43:27,135 log Not Found: /api/products/orders-items/
WARNING 2025-04-10 10:47:04,762 log Unauthorized: /api/
WARNING 2025-04-10 10:48:49,824 log Not Found: /api/products/<id>/
WARNING 2025-04-10 10:49:32,067 log Not Found: /api/products/categories/
WARNING 2025-04-10 10:49:41,340 log Not Found: /api/products/categries/
WARNING 2025-04-10 10:49:54,607 log Not Found: /api/products/categories/
WARNING 2025-04-10 10:49:55,130 log Not Found: /favicon.ico
WARNING 2025-04-10 10:50:28,948 log Not Found: /api/products/categories/<id>/
WARNING 2025-04-10 10:51:18,820 log Unauthorized: /api/orders/
WARNING 2025-04-10 10:52:11,178 log Unauthorized: /api/orders/
WARNING 2025-04-10 10:52:40,624 log Unauthorized: /api/orders/
WARNING 2025-04-10 10:55:08,857 log Not Found: /api/categories/<id>/
